<?xml version="1.0" encoding="UTF-8"?>
<!-- Generated by org.testng.reporters.JUnitReportReporter -->
<testsuite hostname="DESKTOP-GQOJ9CP" failures="0" tests="1" name="testCases.TC001_AccountRegistrationTest" time="1.407" errors="0" timestamp="2024-09-17T17:10:20 IST" skipped="0">
  <testcase classname="testCases.TC001_AccountRegistrationTest" name="verify_Account_Registration" time="1.407"/>
</testsuite> <!-- testCases.TC001_AccountRegistrationTest -->
