<?xml version="1.0" encoding="UTF-8"?>
<!-- Generated by org.testng.reporters.JUnitReportReporter -->
<testsuite hostname="DESKTOP-GQOJ9CP" failures="0" tests="1" name="testCases.TC002_LoginTest" time="1.395" errors="0" timestamp="2024-09-19T22:20:49 IST" skipped="0">
  <testcase classname="testCases.TC002_LoginTest" name="testLogin" time="1.395"/>
</testsuite> <!-- testCases.TC002_LoginTest -->
